#
# There is insufficient memory for the Java Runtime Environment to continue.
# Native memory allocation (malloc) failed to allocate 83886080 bytes for committing reserved memory.
# Possible reasons:
#   The system is out of physical RAM or swap space
#   In 32 bit mode, the process size limit was hit
# Possible solutions:
#   Reduce memory load on the system
#   Increase physical memory or swap space
#   Check if swap backing store is full
#   Use 64 bit Java on a 64 bit OS
#   Decrease Java heap size (-Xmx/-Xms)
#   Decrease number of Java threads
#   Decrease Java thread stack sizes (-Xss)
#   Set larger code cache with -XX:ReservedCodeCacheSize=
# This output file may be truncated or incomplete.
#
#  Out of Memory Error (os_linux.cpp:2756), pid=11503, tid=140449493088000
#
# JRE version:  (7.0_72-b14) (build )
# Java VM: Java HotSpot(TM) 64-Bit Server VM (24.72-b04 mixed mode linux-amd64 compressed oops)
# Failed to write core dump. Core dumps have been disabled. To enable core dumping, try "ulimit -c unlimited" before starting Java again
#

---------------  T H R E A D  ---------------

Current thread (0x00007fbcec007800):  JavaThread "Unknown thread" [_thread_in_vm, id=11504, stack(0x00007fbcf214f000,0x00007fbcf2250000)]

Stack: [0x00007fbcf214f000,0x00007fbcf2250000],  sp=0x00007fbcf224e200,  free space=1020k
Native frames: (J=compiled Java code, j=interpreted, Vv=VM code, C=native code)
V  [libjvm.so+0x9a10fa]  VMError::report_and_die()+0x2ea
V  [libjvm.so+0x49755b]  report_vm_out_of_memory(char const*, int, unsigned long, char const*)+0x9b
V  [libjvm.so+0x81ec4e]  os::Linux::commit_memory_impl(char*, unsigned long, bool)+0xfe
V  [libjvm.so+0x81f199]  os::pd_commit_memory(char*, unsigned long, unsigned long, bool)+0x29
V  [libjvm.so+0x818f2a]  os::commit_memory(char*, unsigned long, unsigned long, bool)+0x2a
V  [libjvm.so+0x88ba53]  PSVirtualSpace::expand_by(unsigned long)+0x53
V  [libjvm.so+0x87a6e3]  PSOldGen::initialize(ReservedSpace, unsigned long, char const*, int)+0x103
V  [libjvm.so+0x29a593]  AdjoiningGenerations::AdjoiningGenerations(ReservedSpace, unsigned long, unsigned long, unsigned long, unsigned long, unsigned long, unsigned long, unsigned long)+0x3e3
V  [libjvm.so+0x83fa95]  ParallelScavengeHeap::initialize()+0x4d5
V  [libjvm.so+0x9730ba]  Universe::initialize_heap()+0xca
V  [libjvm.so+0x974289]  universe_init()+0x79
V  [libjvm.so+0x5b0f85]  init_globals()+0x65
V  [libjvm.so+0x95bbdd]  Threads::create_vm(JavaVMInitArgs*, bool*)+0x1ed
V  [libjvm.so+0x639234]  JNI_CreateJavaVM+0x74
C  [libjli.so+0x2f8e]  JavaMain+0x9e


---------------  P R O C E S S  ---------------

Java Threads: ( => current thread )

Other Threads:

=>0x00007fbcec007800 (exited) JavaThread "Unknown thread" [_thread_in_vm, id=11504, stack(0x00007fbcf214f000,0x00007fbcf2250000)]

VM state:not at safepoint (not fully initialized)

VM Mutex/Monitor currently owned by a thread: None

GC Heap History (0 events):
No events

Deoptimization events (0 events):
No events

Internal exceptions (0 events):
No events

Events (0 events):
No events


Dynamic libraries:
00400000-00401000 r-xp 00000000 08:01 2764775                            /usr/lib/jvm/java-7-oracle/jre/bin/java
00600000-00601000 rw-p 00000000 08:01 2764775                            /usr/lib/jvm/java-7-oracle/jre/bin/java
00b4a000-00b6b000 rw-p 00000000 00:00 0                                  [heap]
82600000-87800000 rw-p 00000000 00:00 0 
8c800000-d7d00000 rw-p 00000000 00:00 0 
d7d00000-da580000 rw-p 00000000 00:00 0 
da580000-100000000 rw-p 00000000 00:00 0 
7fbce8585000-7fbce87cc000 rw-p 00000000 00:00 0 
7fbce87cc000-7fbce8a77000 rw-p 00000000 00:00 0 
7fbce8a77000-7fbce8a8c000 rw-p 00000000 00:00 0 
7fbce8a8c000-7fbce8bb9000 rw-p 00000000 00:00 0 
7fbce8bb9000-7fbce8bba000 rw-p 00000000 00:00 0 
7fbce8bba000-7fbce8e2a000 rwxp 00000000 00:00 0 
7fbce8e2a000-7fbcebbba000 rw-p 00000000 00:00 0 
7fbcebbba000-7fbcebbd4000 r-xp 00000000 08:01 2893529                    /usr/lib/jvm/java-7-oracle/jre/lib/amd64/libzip.so
7fbcebbd4000-7fbcebdd4000 ---p 0001a000 08:01 2893529                    /usr/lib/jvm/java-7-oracle/jre/lib/amd64/libzip.so
7fbcebdd4000-7fbcebdd5000 rw-p 0001a000 08:01 2893529                    /usr/lib/jvm/java-7-oracle/jre/lib/amd64/libzip.so
7fbcebdd5000-7fbcebdfe000 r-xp 00000000 08:01 2893496                    /usr/lib/jvm/java-7-oracle/jre/lib/amd64/libjava.so
7fbcebdfe000-7fbcebffe000 ---p 00029000 08:01 2893496                    /usr/lib/jvm/java-7-oracle/jre/lib/amd64/libjava.so
7fbcebffe000-7fbcec000000 rw-p 00029000 08:01 2893496                    /usr/lib/jvm/java-7-oracle/jre/lib/amd64/libjava.so
7fbcec000000-7fbcec023000 rw-p 00000000 00:00 0 
7fbcec023000-7fbcf0000000 ---p 00000000 00:00 0 
7fbcf0015000-7fbcf001f000 rw-p 00000000 00:00 0 
7fbcf001f000-7fbcf00d5000 rw-p 00000000 00:00 0 
7fbcf00d5000-7fbcf00e2000 r-xp 00000000 08:01 2893509                    /usr/lib/jvm/java-7-oracle/jre/lib/amd64/libverify.so
7fbcf00e2000-7fbcf02e1000 ---p 0000d000 08:01 2893509                    /usr/lib/jvm/java-7-oracle/jre/lib/amd64/libverify.so
7fbcf02e1000-7fbcf02e3000 rw-p 0000c000 08:01 2893509                    /usr/lib/jvm/java-7-oracle/jre/lib/amd64/libverify.so
7fbcf02e3000-7fbcf02ea000 r-xp 00000000 08:01 942049                     /lib/x86_64-linux-gnu/librt-2.15.so
7fbcf02ea000-7fbcf04e9000 ---p 00007000 08:01 942049                     /lib/x86_64-linux-gnu/librt-2.15.so
7fbcf04e9000-7fbcf04ea000 r--p 00006000 08:01 942049                     /lib/x86_64-linux-gnu/librt-2.15.so
7fbcf04ea000-7fbcf04eb000 rw-p 00007000 08:01 942049                     /lib/x86_64-linux-gnu/librt-2.15.so
7fbcf04eb000-7fbcf05e6000 r-xp 00000000 08:01 942065                     /lib/x86_64-linux-gnu/libm-2.15.so
7fbcf05e6000-7fbcf07e5000 ---p 000fb000 08:01 942065                     /lib/x86_64-linux-gnu/libm-2.15.so
7fbcf07e5000-7fbcf07e6000 r--p 000fa000 08:01 942065                     /lib/x86_64-linux-gnu/libm-2.15.so
7fbcf07e6000-7fbcf07e7000 rw-p 000fb000 08:01 942065                     /lib/x86_64-linux-gnu/libm-2.15.so
7fbcf07e7000-7fbcf135a000 r-xp 00000000 08:01 2893543                    /usr/lib/jvm/java-7-oracle/jre/lib/amd64/server/libjvm.so
7fbcf135a000-7fbcf1559000 ---p 00b73000 08:01 2893543                    /usr/lib/jvm/java-7-oracle/jre/lib/amd64/server/libjvm.so
7fbcf1559000-7fbcf161d000 rw-p 00b72000 08:01 2893543                    /usr/lib/jvm/java-7-oracle/jre/lib/amd64/server/libjvm.so
7fbcf161d000-7fbcf165e000 rw-p 00000000 00:00 0 
7fbcf165e000-7fbcf1812000 r-xp 00000000 08:01 942055                     /lib/x86_64-linux-gnu/libc-2.15.so
7fbcf1812000-7fbcf1a12000 ---p 001b4000 08:01 942055                     /lib/x86_64-linux-gnu/libc-2.15.so
7fbcf1a12000-7fbcf1a16000 r--p 001b4000 08:01 942055                     /lib/x86_64-linux-gnu/libc-2.15.so
7fbcf1a16000-7fbcf1a18000 rw-p 001b8000 08:01 942055                     /lib/x86_64-linux-gnu/libc-2.15.so
7fbcf1a18000-7fbcf1a1d000 rw-p 00000000 00:00 0 
7fbcf1a1d000-7fbcf1a1f000 r-xp 00000000 08:01 942066                     /lib/x86_64-linux-gnu/libdl-2.15.so
7fbcf1a1f000-7fbcf1c1f000 ---p 00002000 08:01 942066                     /lib/x86_64-linux-gnu/libdl-2.15.so
7fbcf1c1f000-7fbcf1c20000 r--p 00002000 08:01 942066                     /lib/x86_64-linux-gnu/libdl-2.15.so
7fbcf1c20000-7fbcf1c21000 rw-p 00003000 08:01 942066                     /lib/x86_64-linux-gnu/libdl-2.15.so
7fbcf1c21000-7fbcf1c37000 r-xp 00000000 08:01 2893493                    /usr/lib/jvm/java-7-oracle/jre/lib/amd64/jli/libjli.so
7fbcf1c37000-7fbcf1e37000 ---p 00016000 08:01 2893493                    /usr/lib/jvm/java-7-oracle/jre/lib/amd64/jli/libjli.so
7fbcf1e37000-7fbcf1e38000 rw-p 00016000 08:01 2893493                    /usr/lib/jvm/java-7-oracle/jre/lib/amd64/jli/libjli.so
7fbcf1e38000-7fbcf1e50000 r-xp 00000000 08:01 942056                     /lib/x86_64-linux-gnu/libpthread-2.15.so
7fbcf1e50000-7fbcf204f000 ---p 00018000 08:01 942056                     /lib/x86_64-linux-gnu/libpthread-2.15.so
7fbcf204f000-7fbcf2050000 r--p 00017000 08:01 942056                     /lib/x86_64-linux-gnu/libpthread-2.15.so
7fbcf2050000-7fbcf2051000 rw-p 00018000 08:01 942056                     /lib/x86_64-linux-gnu/libpthread-2.15.so
7fbcf2051000-7fbcf2055000 rw-p 00000000 00:00 0 
7fbcf2055000-7fbcf2077000 r-xp 00000000 08:01 942064                     /lib/x86_64-linux-gnu/ld-2.15.so
7fbcf211a000-7fbcf214f000 r--s 00000000 08:01 262149                     /var/cache/nscd/passwd
7fbcf214f000-7fbcf2152000 ---p 00000000 00:00 0 
7fbcf2152000-7fbcf2254000 rw-p 00000000 00:00 0                          [stack:11504]
7fbcf2269000-7fbcf226b000 rw-p 00000000 00:00 0 
7fbcf226b000-7fbcf2273000 rw-s 00000000 08:01 2651362                    /tmp/hsperfdata_jpaisley/11503
7fbcf2273000-7fbcf2274000 rw-p 00000000 00:00 0 
7fbcf2274000-7fbcf2275000 r--p 00000000 00:00 0 
7fbcf2275000-7fbcf2277000 rw-p 00000000 00:00 0 
7fbcf2277000-7fbcf2278000 r--p 00022000 08:01 942064                     /lib/x86_64-linux-gnu/ld-2.15.so
7fbcf2278000-7fbcf227a000 rw-p 00023000 08:01 942064                     /lib/x86_64-linux-gnu/ld-2.15.so
7fff86b3e000-7fff86b5f000 rw-p 00000000 00:00 0                          [stack]
7fff86b8e000-7fff86b90000 r-xp 00000000 00:00 0                          [vdso]
ffffffffff600000-ffffffffff601000 r-xp 00000000 00:00 0                  [vsyscall]

VM Arguments:
java_command: /space/netbeans/CheckoutSystem/target/surefire/surefirebooter1532594461369724059.jar /space/netbeans/CheckoutSystem/target/surefire/surefire713459636362596139tmp /space/netbeans/CheckoutSystem/target/surefire/surefire8310910182239633231tmp
Launcher Type: SUN_STANDARD

Environment Variables:
JAVA_HOME=/usr/lib/jvm/java-7-oracle
PATH=/usr/lib/lightdm/lightdm:/usr/local/sbin:/usr/local/bin:/usr/sbin:/usr/bin:/sbin:/bin:/usr/games:/usr/lib/jvm/java-8-oracle/bin:/usr/lib/jvm/java-8-oracle/db/bin:/usr/lib/jvm/java-8-oracle/jre/bin
LD_LIBRARY_PATH=/usr/lib/jvm/java-7-oracle/jre/lib/amd64:/usr/lib/jvm/java-7-oracle/jre/lib/i386:
SHELL=/bin/bash
DISPLAY=:0

Signal Handlers:
SIGSEGV: [libjvm.so+0x9a1a10], sa_mask[0]=0x7ffbfeff, sa_flags=0x10000004
SIGBUS: [libjvm.so+0x9a1a10], sa_mask[0]=0x7ffbfeff, sa_flags=0x10000004
SIGFPE: [libjvm.so+0x81bae0], sa_mask[0]=0x7ffbfeff, sa_flags=0x10000004
SIGPIPE: [libjvm.so+0x81bae0], sa_mask[0]=0x7ffbfeff, sa_flags=0x10000004
SIGXFSZ: [libjvm.so+0x81bae0], sa_mask[0]=0x7ffbfeff, sa_flags=0x10000004
SIGILL: [libjvm.so+0x81bae0], sa_mask[0]=0x7ffbfeff, sa_flags=0x10000004
SIGUSR1: SIG_DFL, sa_mask[0]=0x00000000, sa_flags=0x00000000
SIGUSR2: [libjvm.so+0x81d2e0], sa_mask[0]=0x00000004, sa_flags=0x10000004
SIGHUP: SIG_DFL, sa_mask[0]=0x00000000, sa_flags=0x00000000
SIGINT: SIG_IGN, sa_mask[0]=0x00000000, sa_flags=0x00000000
SIGTERM: SIG_DFL, sa_mask[0]=0x00000000, sa_flags=0x00000000
SIGQUIT: SIG_DFL, sa_mask[0]=0x00000000, sa_flags=0x00000000


---------------  S Y S T E M  ---------------

OS:wheezy/sid

uname:Linux 3.13.0-61-generic #100~precise1-Ubuntu SMP Wed Jul 29 12:06:40 UTC 2015 x86_64
libc:glibc 2.15 NPTL 2.15 
rlimit: STACK 8192k, CORE 0k, NPROC 61444, NOFILE 4096, AS infinity
load average:7.41 3.23 2.20

/proc/meminfo:
MemTotal:        7895844 kB
MemFree:          125376 kB
Buffers:             932 kB
Cached:           497188 kB
SwapCached:            0 kB
Active:          7023804 kB
Inactive:         469060 kB
Active(anon):    6997164 kB
Inactive(anon):   446112 kB
Active(file):      26640 kB
Inactive(file):    22948 kB
Unevictable:           4 kB
Mlocked:               4 kB
SwapTotal:             0 kB
SwapFree:              0 kB
Dirty:               196 kB
Writeback:             0 kB
AnonPages:       6995492 kB
Mapped:           185476 kB
Shmem:            447812 kB
Slab:              90760 kB
SReclaimable:      43060 kB
SUnreclaim:        47700 kB
KernelStack:        8152 kB
PageTables:        74760 kB
NFS_Unstable:          0 kB
Bounce:                0 kB
WritebackTmp:          0 kB
CommitLimit:     3947920 kB
Committed_AS:   13974832 kB
VmallocTotal:   34359738367 kB
VmallocUsed:      355396 kB
VmallocChunk:   34359345788 kB
HardwareCorrupted:     0 kB
AnonHugePages:   2185216 kB
HugePages_Total:       0
HugePages_Free:        0
HugePages_Rsvd:        0
HugePages_Surp:        0
Hugepagesize:       2048 kB
DirectMap4k:      102760 kB
DirectMap2M:     8003584 kB


CPU:total 4 (2 cores per cpu, 2 threads per core) family 6 model 58 stepping 9, cmov, cx8, fxsr, mmx, sse, sse2, sse3, ssse3, sse4.1, sse4.2, popcnt, avx, aes, erms, ht, tsc, tscinvbit, tscinv

/proc/cpuinfo:
processor	: 0
vendor_id	: GenuineIntel
cpu family	: 6
model		: 58
model name	: Intel(R) Core(TM) i5-3210M CPU @ 2.50GHz
stepping	: 9
microcode	: 0x12
cpu MHz		: 2501.000
cache size	: 3072 KB
physical id	: 0
siblings	: 4
core id		: 0
cpu cores	: 2
apicid		: 0
initial apicid	: 0
fpu		: yes
fpu_exception	: yes
cpuid level	: 13
wp		: yes
flags		: fpu vme de pse tsc msr pae mce cx8 apic sep mtrr pge mca cmov pat pse36 clflush dts acpi mmx fxsr sse sse2 ss ht tm pbe syscall nx rdtscp lm constant_tsc arch_perfmon pebs bts rep_good nopl xtopology nonstop_tsc aperfmperf eagerfpu pni pclmulqdq dtes64 monitor ds_cpl vmx est tm2 ssse3 cx16 xtpr pdcm pcid sse4_1 sse4_2 x2apic popcnt tsc_deadline_timer aes xsave avx f16c rdrand lahf_lm ida arat epb xsaveopt pln pts dtherm tpr_shadow vnmi flexpriority ept vpid fsgsbase smep erms
bogomips	: 4988.57
clflush size	: 64
cache_alignment	: 64
address sizes	: 36 bits physical, 48 bits virtual
power management:

processor	: 1
vendor_id	: GenuineIntel
cpu family	: 6
model		: 58
model name	: Intel(R) Core(TM) i5-3210M CPU @ 2.50GHz
stepping	: 9
microcode	: 0x12
cpu MHz		: 1200.000
cache size	: 3072 KB
physical id	: 0
siblings	: 4
core id		: 0
cpu cores	: 2
apicid		: 1
initial apicid	: 1
fpu		: yes
fpu_exception	: yes
cpuid level	: 13
wp		: yes
flags		: fpu vme de pse tsc msr pae mce cx8 apic sep mtrr pge mca cmov pat pse36 clflush dts acpi mmx fxsr sse sse2 ss ht tm pbe syscall nx rdtscp lm constant_tsc arch_perfmon pebs bts rep_good nopl xtopology nonstop_tsc aperfmperf eagerfpu pni pclmulqdq dtes64 monitor ds_cpl vmx est tm2 ssse3 cx16 xtpr pdcm pcid sse4_1 sse4_2 x2apic popcnt tsc_deadline_timer aes xsave avx f16c rdrand lahf_lm ida arat epb xsaveopt pln pts dtherm tpr_shadow vnmi flexpriority ept vpid fsgsbase smep erms
bogomips	: 4988.57
clflush size	: 64
cache_alignment	: 64
address sizes	: 36 bits physical, 48 bits virtual
power management:

processor	: 2
vendor_id	: GenuineIntel
cpu family	: 6
model		: 58
model name	: Intel(R) Core(TM) i5-3210M CPU @ 2.50GHz
stepping	: 9
microcode	: 0x12
cpu MHz		: 1200.000
cache size	: 3072 KB
physical id	: 0
siblings	: 4
core id		: 1
cpu cores	: 2
apicid		: 2
initial apicid	: 2
fpu		: yes
fpu_exception	: yes
cpuid level	: 13
wp		: yes
flags		: fpu vme de pse tsc msr pae mce cx8 apic sep mtrr pge mca cmov pat pse36 clflush dts acpi mmx fxsr sse sse2 ss ht tm pbe syscall nx rdtscp lm constant_tsc arch_perfmon pebs bts rep_good nopl xtopology nonstop_tsc aperfmperf eagerfpu pni pclmulqdq dtes64 monitor ds_cpl vmx est tm2 ssse3 cx16 xtpr pdcm pcid sse4_1 sse4_2 x2apic popcnt tsc_deadline_timer aes xsave avx f16c rdrand lahf_lm ida arat epb xsaveopt pln pts dtherm tpr_shadow vnmi flexpriority ept vpid fsgsbase smep erms
bogomips	: 4988.57
clflush size	: 64
cache_alignment	: 64
address sizes	: 36 bits physical, 48 bits virtual
power management:

processor	: 3
vendor_id	: GenuineIntel
cpu family	: 6
model		: 58
model name	: Intel(R) Core(TM) i5-3210M CPU @ 2.50GHz
stepping	: 9
microcode	: 0x12
cpu MHz		: 1200.000
cache size	: 3072 KB
physical id	: 0
siblings	: 4
core id		: 1
cpu cores	: 2
apicid		: 3
initial apicid	: 3
fpu		: yes
fpu_exception	: yes
cpuid level	: 13
wp		: yes
flags		: fpu vme de pse tsc msr pae mce cx8 apic sep mtrr pge mca cmov pat pse36 clflush dts acpi mmx fxsr sse sse2 ss ht tm pbe syscall nx rdtscp lm constant_tsc arch_perfmon pebs bts rep_good nopl xtopology nonstop_tsc aperfmperf eagerfpu pni pclmulqdq dtes64 monitor ds_cpl vmx est tm2 ssse3 cx16 xtpr pdcm pcid sse4_1 sse4_2 x2apic popcnt tsc_deadline_timer aes xsave avx f16c rdrand lahf_lm ida arat epb xsaveopt pln pts dtherm tpr_shadow vnmi flexpriority ept vpid fsgsbase smep erms
bogomips	: 4988.57
clflush size	: 64
cache_alignment	: 64
address sizes	: 36 bits physical, 48 bits virtual
power management:



Memory: 4k page, physical 7895844k(126016k free), swap 0k(0k free)

vm_info: Java HotSpot(TM) 64-Bit Server VM (24.72-b04) for linux-amd64 JRE (1.7.0_72-b14), built on Sep 26 2014 18:20:41 by "java_re" with gcc 4.3.0 20080428 (Red Hat 4.3.0-8)

time: Thu Aug 13 13:47:52 2015
elapsed time: 0 seconds

