#
# There is insufficient memory for the Java Runtime Environment to continue.
# Native memory allocation (malloc) failed to allocate 83886080 bytes for committing reserved memory.
# Possible reasons:
#   The system is out of physical RAM or swap space
#   In 32 bit mode, the process size limit was hit
# Possible solutions:
#   Reduce memory load on the system
#   Increase physical memory or swap space
#   Check if swap backing store is full
#   Use 64 bit Java on a 64 bit OS
#   Decrease Java heap size (-Xmx/-Xms)
#   Decrease number of Java threads
#   Decrease Java thread stack sizes (-Xss)
#   Set larger code cache with -XX:ReservedCodeCacheSize=
# This output file may be truncated or incomplete.
#
#  Out of Memory Error (os_linux.cpp:2756), pid=11604, tid=140591642568448
#
# JRE version:  (7.0_72-b14) (build )
# Java VM: Java HotSpot(TM) 64-Bit Server VM (24.72-b04 mixed mode linux-amd64 compressed oops)
# Failed to write core dump. Core dumps have been disabled. To enable core dumping, try "ulimit -c unlimited" before starting Java again
#

---------------  T H R E A D  ---------------

Current thread (0x00007fde04007800):  JavaThread "Unknown thread" [_thread_in_vm, id=11605, stack(0x00007fde0ad9e000,0x00007fde0ae9f000)]

Stack: [0x00007fde0ad9e000,0x00007fde0ae9f000],  sp=0x00007fde0ae9d200,  free space=1020k
Native frames: (J=compiled Java code, j=interpreted, Vv=VM code, C=native code)
V  [libjvm.so+0x9a10fa]  VMError::report_and_die()+0x2ea
V  [libjvm.so+0x49755b]  report_vm_out_of_memory(char const*, int, unsigned long, char const*)+0x9b
V  [libjvm.so+0x81ec4e]  os::Linux::commit_memory_impl(char*, unsigned long, bool)+0xfe
V  [libjvm.so+0x81f199]  os::pd_commit_memory(char*, unsigned long, unsigned long, bool)+0x29
V  [libjvm.so+0x818f2a]  os::commit_memory(char*, unsigned long, unsigned long, bool)+0x2a
V  [libjvm.so+0x88ba53]  PSVirtualSpace::expand_by(unsigned long)+0x53
V  [libjvm.so+0x87a6e3]  PSOldGen::initialize(ReservedSpace, unsigned long, char const*, int)+0x103
V  [libjvm.so+0x29a593]  AdjoiningGenerations::AdjoiningGenerations(ReservedSpace, unsigned long, unsigned long, unsigned long, unsigned long, unsigned long, unsigned long, unsigned long)+0x3e3
V  [libjvm.so+0x83fa95]  ParallelScavengeHeap::initialize()+0x4d5
V  [libjvm.so+0x9730ba]  Universe::initialize_heap()+0xca
V  [libjvm.so+0x974289]  universe_init()+0x79
V  [libjvm.so+0x5b0f85]  init_globals()+0x65
V  [libjvm.so+0x95bbdd]  Threads::create_vm(JavaVMInitArgs*, bool*)+0x1ed
V  [libjvm.so+0x639234]  JNI_CreateJavaVM+0x74
C  [libjli.so+0x2f8e]  JavaMain+0x9e


---------------  P R O C E S S  ---------------

Java Threads: ( => current thread )

Other Threads:

=>0x00007fde04007800 (exited) JavaThread "Unknown thread" [_thread_in_vm, id=11605, stack(0x00007fde0ad9e000,0x00007fde0ae9f000)]

VM state:not at safepoint (not fully initialized)

VM Mutex/Monitor currently owned by a thread: None

GC Heap History (0 events):
No events

Deoptimization events (0 events):
No events

Internal exceptions (0 events):
No events

Events (0 events):
No events


Dynamic libraries:
00400000-00401000 r-xp 00000000 08:01 2764775                            /usr/lib/jvm/java-7-oracle/jre/bin/java
00600000-00601000 rw-p 00000000 08:01 2764775                            /usr/lib/jvm/java-7-oracle/jre/bin/java
018c0000-018e1000 rw-p 00000000 00:00 0                                  [heap]
82600000-87800000 rw-p 00000000 00:00 0 
8c800000-d7d00000 rw-p 00000000 00:00 0 
d7d00000-da580000 rw-p 00000000 00:00 0 
da580000-100000000 rw-p 00000000 00:00 0 
7fde01000000-7fde01270000 rwxp 00000000 00:00 0 
7fde01270000-7fde04023000 rw-p 00000000 00:00 0 
7fde04023000-7fde08000000 ---p 00000000 00:00 0 
7fde081e9000-7fde08430000 rw-p 00000000 00:00 0 
7fde08430000-7fde086db000 rw-p 00000000 00:00 0 
7fde086db000-7fde086f0000 rw-p 00000000 00:00 0 
7fde086f0000-7fde0881d000 rw-p 00000000 00:00 0 
7fde0881d000-7fde08828000 rw-p 00000000 00:00 0 
7fde08828000-7fde088de000 rw-p 00000000 00:00 0 
7fde088de000-7fde088f8000 r-xp 00000000 08:01 2893529                    /usr/lib/jvm/java-7-oracle/jre/lib/amd64/libzip.so
7fde088f8000-7fde08af8000 ---p 0001a000 08:01 2893529                    /usr/lib/jvm/java-7-oracle/jre/lib/amd64/libzip.so
7fde08af8000-7fde08af9000 rw-p 0001a000 08:01 2893529                    /usr/lib/jvm/java-7-oracle/jre/lib/amd64/libzip.so
7fde08af9000-7fde08b22000 r-xp 00000000 08:01 2893496                    /usr/lib/jvm/java-7-oracle/jre/lib/amd64/libjava.so
7fde08b22000-7fde08d22000 ---p 00029000 08:01 2893496                    /usr/lib/jvm/java-7-oracle/jre/lib/amd64/libjava.so
7fde08d22000-7fde08d24000 rw-p 00029000 08:01 2893496                    /usr/lib/jvm/java-7-oracle/jre/lib/amd64/libjava.so
7fde08d24000-7fde08d31000 r-xp 00000000 08:01 2893509                    /usr/lib/jvm/java-7-oracle/jre/lib/amd64/libverify.so
7fde08d31000-7fde08f30000 ---p 0000d000 08:01 2893509                    /usr/lib/jvm/java-7-oracle/jre/lib/amd64/libverify.so
7fde08f30000-7fde08f32000 rw-p 0000c000 08:01 2893509                    /usr/lib/jvm/java-7-oracle/jre/lib/amd64/libverify.so
7fde08f32000-7fde08f39000 r-xp 00000000 08:01 942049                     /lib/x86_64-linux-gnu/librt-2.15.so
7fde08f39000-7fde09138000 ---p 00007000 08:01 942049                     /lib/x86_64-linux-gnu/librt-2.15.so
7fde09138000-7fde09139000 r--p 00006000 08:01 942049                     /lib/x86_64-linux-gnu/librt-2.15.so
7fde09139000-7fde0913a000 rw-p 00007000 08:01 942049                     /lib/x86_64-linux-gnu/librt-2.15.so
7fde0913a000-7fde09235000 r-xp 00000000 08:01 942065                     /lib/x86_64-linux-gnu/libm-2.15.so
7fde09235000-7fde09434000 ---p 000fb000 08:01 942065                     /lib/x86_64-linux-gnu/libm-2.15.so
7fde09434000-7fde09435000 r--p 000fa000 08:01 942065                     /lib/x86_64-linux-gnu/libm-2.15.so
7fde09435000-7fde09436000 rw-p 000fb000 08:01 942065                     /lib/x86_64-linux-gnu/libm-2.15.so
7fde09436000-7fde09fa9000 r-xp 00000000 08:01 2893543                    /usr/lib/jvm/java-7-oracle/jre/lib/amd64/server/libjvm.so
7fde09fa9000-7fde0a1a8000 ---p 00b73000 08:01 2893543                    /usr/lib/jvm/java-7-oracle/jre/lib/amd64/server/libjvm.so
7fde0a1a8000-7fde0a26c000 rw-p 00b72000 08:01 2893543                    /usr/lib/jvm/java-7-oracle/jre/lib/amd64/server/libjvm.so
7fde0a26c000-7fde0a2ad000 rw-p 00000000 00:00 0 
7fde0a2ad000-7fde0a461000 r-xp 00000000 08:01 942055                     /lib/x86_64-linux-gnu/libc-2.15.so
7fde0a461000-7fde0a661000 ---p 001b4000 08:01 942055                     /lib/x86_64-linux-gnu/libc-2.15.so
7fde0a661000-7fde0a665000 r--p 001b4000 08:01 942055                     /lib/x86_64-linux-gnu/libc-2.15.so
7fde0a665000-7fde0a667000 rw-p 001b8000 08:01 942055                     /lib/x86_64-linux-gnu/libc-2.15.so
7fde0a667000-7fde0a66c000 rw-p 00000000 00:00 0 
7fde0a66c000-7fde0a66e000 r-xp 00000000 08:01 942066                     /lib/x86_64-linux-gnu/libdl-2.15.so
7fde0a66e000-7fde0a86e000 ---p 00002000 08:01 942066                     /lib/x86_64-linux-gnu/libdl-2.15.so
7fde0a86e000-7fde0a86f000 r--p 00002000 08:01 942066                     /lib/x86_64-linux-gnu/libdl-2.15.so
7fde0a86f000-7fde0a870000 rw-p 00003000 08:01 942066                     /lib/x86_64-linux-gnu/libdl-2.15.so
7fde0a870000-7fde0a886000 r-xp 00000000 08:01 2893493                    /usr/lib/jvm/java-7-oracle/jre/lib/amd64/jli/libjli.so
7fde0a886000-7fde0aa86000 ---p 00016000 08:01 2893493                    /usr/lib/jvm/java-7-oracle/jre/lib/amd64/jli/libjli.so
7fde0aa86000-7fde0aa87000 rw-p 00016000 08:01 2893493                    /usr/lib/jvm/java-7-oracle/jre/lib/amd64/jli/libjli.so
7fde0aa87000-7fde0aa9f000 r-xp 00000000 08:01 942056                     /lib/x86_64-linux-gnu/libpthread-2.15.so
7fde0aa9f000-7fde0ac9e000 ---p 00018000 08:01 942056                     /lib/x86_64-linux-gnu/libpthread-2.15.so
7fde0ac9e000-7fde0ac9f000 r--p 00017000 08:01 942056                     /lib/x86_64-linux-gnu/libpthread-2.15.so
7fde0ac9f000-7fde0aca0000 rw-p 00018000 08:01 942056                     /lib/x86_64-linux-gnu/libpthread-2.15.so
7fde0aca0000-7fde0aca4000 rw-p 00000000 00:00 0 
7fde0aca4000-7fde0acc6000 r-xp 00000000 08:01 942064                     /lib/x86_64-linux-gnu/ld-2.15.so
7fde0ad69000-7fde0ad9e000 r--s 00000000 08:01 262149                     /var/cache/nscd/passwd
7fde0ad9e000-7fde0ada1000 ---p 00000000 00:00 0 
7fde0ada1000-7fde0aea3000 rw-p 00000000 00:00 0                          [stack:11605]
7fde0aeb8000-7fde0aeba000 rw-p 00000000 00:00 0 
7fde0aeba000-7fde0aec2000 rw-s 00000000 08:01 2651363                    /tmp/hsperfdata_jpaisley/11604
7fde0aec2000-7fde0aec3000 rw-p 00000000 00:00 0 
7fde0aec3000-7fde0aec4000 r--p 00000000 00:00 0 
7fde0aec4000-7fde0aec6000 rw-p 00000000 00:00 0 
7fde0aec6000-7fde0aec7000 r--p 00022000 08:01 942064                     /lib/x86_64-linux-gnu/ld-2.15.so
7fde0aec7000-7fde0aec9000 rw-p 00023000 08:01 942064                     /lib/x86_64-linux-gnu/ld-2.15.so
7ffe66290000-7ffe662b1000 rw-p 00000000 00:00 0                          [stack]
7ffe662fd000-7ffe662ff000 r-xp 00000000 00:00 0                          [vdso]
ffffffffff600000-ffffffffff601000 r-xp 00000000 00:00 0                  [vsyscall]

VM Arguments:
java_command: /space/netbeans/CheckoutSystem/target/surefire/surefirebooter1649301810478257243.jar /space/netbeans/CheckoutSystem/target/surefire/surefire9036195451500045824tmp /space/netbeans/CheckoutSystem/target/surefire/surefire3720153779123280945tmp
Launcher Type: SUN_STANDARD

Environment Variables:
JAVA_HOME=/usr/lib/jvm/java-7-oracle
PATH=/usr/lib/lightdm/lightdm:/usr/local/sbin:/usr/local/bin:/usr/sbin:/usr/bin:/sbin:/bin:/usr/games:/usr/lib/jvm/java-8-oracle/bin:/usr/lib/jvm/java-8-oracle/db/bin:/usr/lib/jvm/java-8-oracle/jre/bin
LD_LIBRARY_PATH=/usr/lib/jvm/java-7-oracle/jre/lib/amd64:/usr/lib/jvm/java-7-oracle/jre/lib/i386:
SHELL=/bin/bash
DISPLAY=:0

Signal Handlers:
SIGSEGV: [libjvm.so+0x9a1a10], sa_mask[0]=0x7ffbfeff, sa_flags=0x10000004
SIGBUS: [libjvm.so+0x9a1a10], sa_mask[0]=0x7ffbfeff, sa_flags=0x10000004
SIGFPE: [libjvm.so+0x81bae0], sa_mask[0]=0x7ffbfeff, sa_flags=0x10000004
SIGPIPE: [libjvm.so+0x81bae0], sa_mask[0]=0x7ffbfeff, sa_flags=0x10000004
SIGXFSZ: [libjvm.so+0x81bae0], sa_mask[0]=0x7ffbfeff, sa_flags=0x10000004
SIGILL: [libjvm.so+0x81bae0], sa_mask[0]=0x7ffbfeff, sa_flags=0x10000004
SIGUSR1: SIG_DFL, sa_mask[0]=0x00000000, sa_flags=0x00000000
SIGUSR2: [libjvm.so+0x81d2e0], sa_mask[0]=0x00000004, sa_flags=0x10000004
SIGHUP: SIG_DFL, sa_mask[0]=0x00000000, sa_flags=0x00000000
SIGINT: SIG_IGN, sa_mask[0]=0x00000000, sa_flags=0x00000000
SIGTERM: SIG_DFL, sa_mask[0]=0x00000000, sa_flags=0x00000000
SIGQUIT: SIG_DFL, sa_mask[0]=0x00000000, sa_flags=0x00000000


---------------  S Y S T E M  ---------------

OS:wheezy/sid

uname:Linux 3.13.0-61-generic #100~precise1-Ubuntu SMP Wed Jul 29 12:06:40 UTC 2015 x86_64
libc:glibc 2.15 NPTL 2.15 
rlimit: STACK 8192k, CORE 0k, NPROC 61444, NOFILE 4096, AS infinity
load average:10.07 4.89 2.95

/proc/meminfo:
MemTotal:        7895844 kB
MemFree:          132244 kB
Buffers:             444 kB
Cached:           483844 kB
SwapCached:            0 kB
Active:          7022752 kB
Inactive:         465156 kB
Active(anon):    7005888 kB
Inactive(anon):   440512 kB
Active(file):      16864 kB
Inactive(file):    24644 kB
Unevictable:           4 kB
Mlocked:               4 kB
SwapTotal:             0 kB
SwapFree:              0 kB
Dirty:               704 kB
Writeback:             0 kB
AnonPages:       7004364 kB
Mapped:           183308 kB
Shmem:            442212 kB
Slab:              90048 kB
SReclaimable:      42344 kB
SUnreclaim:        47704 kB
KernelStack:        8240 kB
PageTables:        75136 kB
NFS_Unstable:          0 kB
Bounce:                0 kB
WritebackTmp:          0 kB
CommitLimit:     3947920 kB
Committed_AS:   14023912 kB
VmallocTotal:   34359738367 kB
VmallocUsed:      355396 kB
VmallocChunk:   34359345788 kB
HardwareCorrupted:     0 kB
AnonHugePages:   2152448 kB
HugePages_Total:       0
HugePages_Free:        0
HugePages_Rsvd:        0
HugePages_Surp:        0
Hugepagesize:       2048 kB
DirectMap4k:      102760 kB
DirectMap2M:     8003584 kB


CPU:total 4 (2 cores per cpu, 2 threads per core) family 6 model 58 stepping 9, cmov, cx8, fxsr, mmx, sse, sse2, sse3, ssse3, sse4.1, sse4.2, popcnt, avx, aes, erms, ht, tsc, tscinvbit, tscinv

/proc/cpuinfo:
processor	: 0
vendor_id	: GenuineIntel
cpu family	: 6
model		: 58
model name	: Intel(R) Core(TM) i5-3210M CPU @ 2.50GHz
stepping	: 9
microcode	: 0x12
cpu MHz		: 1200.000
cache size	: 3072 KB
physical id	: 0
siblings	: 4
core id		: 0
cpu cores	: 2
apicid		: 0
initial apicid	: 0
fpu		: yes
fpu_exception	: yes
cpuid level	: 13
wp		: yes
flags		: fpu vme de pse tsc msr pae mce cx8 apic sep mtrr pge mca cmov pat pse36 clflush dts acpi mmx fxsr sse sse2 ss ht tm pbe syscall nx rdtscp lm constant_tsc arch_perfmon pebs bts rep_good nopl xtopology nonstop_tsc aperfmperf eagerfpu pni pclmulqdq dtes64 monitor ds_cpl vmx est tm2 ssse3 cx16 xtpr pdcm pcid sse4_1 sse4_2 x2apic popcnt tsc_deadline_timer aes xsave avx f16c rdrand lahf_lm ida arat epb xsaveopt pln pts dtherm tpr_shadow vnmi flexpriority ept vpid fsgsbase smep erms
bogomips	: 4988.57
clflush size	: 64
cache_alignment	: 64
address sizes	: 36 bits physical, 48 bits virtual
power management:

processor	: 1
vendor_id	: GenuineIntel
cpu family	: 6
model		: 58
model name	: Intel(R) Core(TM) i5-3210M CPU @ 2.50GHz
stepping	: 9
microcode	: 0x12
cpu MHz		: 1200.000
cache size	: 3072 KB
physical id	: 0
siblings	: 4
core id		: 0
cpu cores	: 2
apicid		: 1
initial apicid	: 1
fpu		: yes
fpu_exception	: yes
cpuid level	: 13
wp		: yes
flags		: fpu vme de pse tsc msr pae mce cx8 apic sep mtrr pge mca cmov pat pse36 clflush dts acpi mmx fxsr sse sse2 ss ht tm pbe syscall nx rdtscp lm constant_tsc arch_perfmon pebs bts rep_good nopl xtopology nonstop_tsc aperfmperf eagerfpu pni pclmulqdq dtes64 monitor ds_cpl vmx est tm2 ssse3 cx16 xtpr pdcm pcid sse4_1 sse4_2 x2apic popcnt tsc_deadline_timer aes xsave avx f16c rdrand lahf_lm ida arat epb xsaveopt pln pts dtherm tpr_shadow vnmi flexpriority ept vpid fsgsbase smep erms
bogomips	: 4988.57
clflush size	: 64
cache_alignment	: 64
address sizes	: 36 bits physical, 48 bits virtual
power management:

processor	: 2
vendor_id	: GenuineIntel
cpu family	: 6
model		: 58
model name	: Intel(R) Core(TM) i5-3210M CPU @ 2.50GHz
stepping	: 9
microcode	: 0x12
cpu MHz		: 2501.000
cache size	: 3072 KB
physical id	: 0
siblings	: 4
core id		: 1
cpu cores	: 2
apicid		: 2
initial apicid	: 2
fpu		: yes
fpu_exception	: yes
cpuid level	: 13
wp		: yes
flags		: fpu vme de pse tsc msr pae mce cx8 apic sep mtrr pge mca cmov pat pse36 clflush dts acpi mmx fxsr sse sse2 ss ht tm pbe syscall nx rdtscp lm constant_tsc arch_perfmon pebs bts rep_good nopl xtopology nonstop_tsc aperfmperf eagerfpu pni pclmulqdq dtes64 monitor ds_cpl vmx est tm2 ssse3 cx16 xtpr pdcm pcid sse4_1 sse4_2 x2apic popcnt tsc_deadline_timer aes xsave avx f16c rdrand lahf_lm ida arat epb xsaveopt pln pts dtherm tpr_shadow vnmi flexpriority ept vpid fsgsbase smep erms
bogomips	: 4988.57
clflush size	: 64
cache_alignment	: 64
address sizes	: 36 bits physical, 48 bits virtual
power management:

processor	: 3
vendor_id	: GenuineIntel
cpu family	: 6
model		: 58
model name	: Intel(R) Core(TM) i5-3210M CPU @ 2.50GHz
stepping	: 9
microcode	: 0x12
cpu MHz		: 2501.000
cache size	: 3072 KB
physical id	: 0
siblings	: 4
core id		: 1
cpu cores	: 2
apicid		: 3
initial apicid	: 3
fpu		: yes
fpu_exception	: yes
cpuid level	: 13
wp		: yes
flags		: fpu vme de pse tsc msr pae mce cx8 apic sep mtrr pge mca cmov pat pse36 clflush dts acpi mmx fxsr sse sse2 ss ht tm pbe syscall nx rdtscp lm constant_tsc arch_perfmon pebs bts rep_good nopl xtopology nonstop_tsc aperfmperf eagerfpu pni pclmulqdq dtes64 monitor ds_cpl vmx est tm2 ssse3 cx16 xtpr pdcm pcid sse4_1 sse4_2 x2apic popcnt tsc_deadline_timer aes xsave avx f16c rdrand lahf_lm ida arat epb xsaveopt pln pts dtherm tpr_shadow vnmi flexpriority ept vpid fsgsbase smep erms
bogomips	: 4988.57
clflush size	: 64
cache_alignment	: 64
address sizes	: 36 bits physical, 48 bits virtual
power management:



Memory: 4k page, physical 7895844k(132244k free), swap 0k(0k free)

vm_info: Java HotSpot(TM) 64-Bit Server VM (24.72-b04) for linux-amd64 JRE (1.7.0_72-b14), built on Sep 26 2014 18:20:41 by "java_re" with gcc 4.3.0 20080428 (Red Hat 4.3.0-8)

time: Thu Aug 13 13:59:56 2015
elapsed time: 0 seconds

